2025-01-12 18:13:42,693 [INFO] Activator:176 - 


2025-01-12 18:13:42,695 [INFO] Activator:177 - !SESSION log4j initialized
2025-01-12 18:13:46,466 [INFO] LogOutputStream:77 - [STDOUT_REDIRECT] 
2025-01-12 18:13:49,775 [INFO] ApplicationProperties:184 - Using Application install path: C:\ST\STM32CubeIDE_1.17.0\STM32CubeIDE\plugins\com.st.stm32cube.common.mx_6.13.0.202411220809
2025-01-12 18:13:49,807 [INFO] DbMcusXml:78 - Set database path to: C:\ST\STM32CubeIDE_1.17.0\STM32CubeIDE\plugins\com.st.stm32cube.common.mx_6.13.0.202411220809\\db\/mcu/
2025-01-12 18:13:49,807 [INFO] ApiDb:274 - Set plugin database path to: C:\ST\STM32CubeIDE_1.17.0\STM32CubeIDE\plugins\com.st.stm32cube.common.mx_6.13.0.202411220809\\db\/plugins/boardmanager/
2025-01-12 18:13:49,838 [WARN] ApiDb:259 - Overriding images path with different value:  => C:\ST\STM32CubeIDE_1.17.0\STM32CubeIDE\plugins\com.st.stm32cube.common.mx_6.13.0.202411220809\\db\/plugins/mcufinder/images/
2025-01-12 18:13:49,852 [INFO] ApiDb:250 - Set database path to: C:\Users\SIRO\.stmcufinder\plugins\mcufinder//mcu/
2025-01-12 18:13:49,855 [INFO] DbMcusAds:125 - Set database path to: C:\Users\SIRO\.stmcufinder\plugins\mcufinder//mcu/
2025-01-12 18:13:49,858 [INFO] CrossReferenceDbSqlite:203 - Set database path to: C:\Users\SIRO\.stmcufinder\plugins\mcufinder//mcu/cs/
2025-01-12 18:13:50,076 [INFO] RulesReader:64 - Compatibility file has been processed (297 Rules)
2025-01-12 18:13:50,265 [INFO] DbMcusXml:78 - Set database path to: C:\ST\STM32CubeIDE_1.17.0\STM32CubeIDE\plugins\com.st.stm32cube.common.mx_6.13.0.202411220809\\db\/mcu/
2025-01-12 18:13:50,265 [INFO] ApiDb:274 - Set plugin database path to: C:\ST\STM32CubeIDE_1.17.0\STM32CubeIDE\plugins\com.st.stm32cube.common.mx_6.13.0.202411220809\\db\/plugins/boardmanager/
2025-01-12 18:13:50,266 [INFO] ApiDb:261 - Set plugin images path to: C:\ST\STM32CubeIDE_1.17.0\STM32CubeIDE\plugins\com.st.stm32cube.common.mx_6.13.0.202411220809\\db\/plugins/mcufinder/images/
2025-01-12 18:13:50,266 [WARN] DbFile:41 - Overriding database path with different value: C:\Users\SIRO\.stmcufinder\plugins\mcufinder/ => C:\Users\SIRO\.stmcufinder\plugins\mcufinder
2025-01-12 18:13:50,266 [INFO] ApiDb:250 - Set database path to: C:\Users\SIRO\.stmcufinder\plugins\mcufinder//mcu/
2025-01-12 18:13:50,266 [WARN] DbFile:41 - Overriding database path with different value: C:\Users\SIRO\.stmcufinder\plugins\mcufinder/ => C:\Users\SIRO\.stmcufinder\plugins\mcufinder
2025-01-12 18:13:50,268 [INFO] DbMcusAds:125 - Set database path to: C:\Users\SIRO\.stmcufinder\plugins\mcufinder//mcu/
2025-01-12 18:13:50,268 [WARN] DbFile:41 - Overriding database path with different value: C:\Users\SIRO\.stmcufinder\plugins\mcufinder/ => C:\Users\SIRO\.stmcufinder\plugins\mcufinder
2025-01-12 18:13:50,268 [WARN] DbFile:41 - Overriding database path with different value: C:\Users\SIRO\.stmcufinder\plugins\mcufinder/ => C:\Users\SIRO\.stmcufinder\plugins\mcufinder
2025-01-12 18:13:50,268 [INFO] CrossReferenceDbSqlite:203 - Set database path to: C:\Users\SIRO\.stmcufinder\plugins\mcufinder//mcu/cs/
2025-01-12 18:13:50,397 [INFO] MainPanel:272 - HeapMemory: 268435456
2025-01-12 18:13:50,566 [INFO] DbMcusXml:78 - Set database path to: C:\ST\STM32CubeIDE_1.17.0\STM32CubeIDE\plugins\com.st.stm32cube.common.mx_6.13.0.202411220809\\db\/mcu/
2025-01-12 18:13:50,566 [INFO] ApiDb:274 - Set plugin database path to: C:\ST\STM32CubeIDE_1.17.0\STM32CubeIDE\plugins\com.st.stm32cube.common.mx_6.13.0.202411220809\\db\/plugins/boardmanager/
2025-01-12 18:13:50,566 [INFO] ApiDb:261 - Set plugin images path to: C:\ST\STM32CubeIDE_1.17.0\STM32CubeIDE\plugins\com.st.stm32cube.common.mx_6.13.0.202411220809\\db\/plugins/mcufinder/images/
2025-01-12 18:13:50,567 [WARN] DbFile:41 - Overriding database path with different value: C:\Users\SIRO\.stmcufinder\plugins\mcufinder/ => C:\Users\SIRO\.stmcufinder\plugins\mcufinder
2025-01-12 18:13:50,567 [INFO] ApiDb:250 - Set database path to: C:\Users\SIRO\.stmcufinder\plugins\mcufinder//mcu/
2025-01-12 18:13:50,567 [WARN] DbFile:41 - Overriding database path with different value: C:\Users\SIRO\.stmcufinder\plugins\mcufinder/ => C:\Users\SIRO\.stmcufinder\plugins\mcufinder
2025-01-12 18:13:50,568 [INFO] DbMcusAds:125 - Set database path to: C:\Users\SIRO\.stmcufinder\plugins\mcufinder//mcu/
2025-01-12 18:13:50,568 [WARN] DbFile:41 - Overriding database path with different value: C:\Users\SIRO\.stmcufinder\plugins\mcufinder/ => C:\Users\SIRO\.stmcufinder\plugins\mcufinder
2025-01-12 18:13:50,568 [WARN] DbFile:41 - Overriding database path with different value: C:\Users\SIRO\.stmcufinder\plugins\mcufinder/ => C:\Users\SIRO\.stmcufinder\plugins\mcufinder
2025-01-12 18:13:50,568 [INFO] CrossReferenceDbSqlite:203 - Set database path to: C:\Users\SIRO\.stmcufinder\plugins\mcufinder//mcu/cs/
2025-01-12 18:13:50,604 [INFO] ApplicationProperties:184 - Using Application install path: C:\ST\STM32CubeIDE_1.17.0\STM32CubeIDE\plugins\com.st.stm32cube.common.mx_6.13.0.202411220809
2025-01-12 18:13:50,607 [INFO] PluginManage:196 - Search for loadable plugins [exclusion list=, ]
2025-01-12 18:13:50,610 [INFO] PluginManage:310 - Check plugin analytics
2025-01-12 18:13:50,944 [INFO] AnalyticsPlugin:253 - Accepted Software Licenses: 
2025-01-12 18:13:50,944 [INFO] AnalyticsPlugin:255 - Accepted CMSIS Pack Licenses: 
2025-01-12 18:13:50,944 [INFO] AnalyticsPlugin:257 - Accepted Firmware Licenses: FW.F4.1.28.0
2025-01-12 18:13:50,952 [INFO] PluginManage:359 - Loaded plugin analytics (category:tool,tabindex:-1)
2025-01-12 18:13:50,953 [INFO] PluginManage:310 - Check plugin cadmodel
2025-01-12 18:13:50,963 [INFO] CADModel:105 - Init CAD model plugin
2025-01-12 18:13:50,963 [INFO] PluginManage:359 - Loaded plugin cadmodel (category:power,tabindex:5)
2025-01-12 18:13:50,964 [INFO] PluginManage:310 - Check plugin clock
2025-01-12 18:13:50,984 [INFO] PluginManage:359 - Loaded plugin clock (category:base,tabindex:2)
2025-01-12 18:13:50,985 [INFO] PluginManage:310 - Check plugin ddr
2025-01-12 18:13:50,992 [INFO] PluginManage:359 - Loaded plugin ddr (category:tool,tabindex:6)
2025-01-12 18:13:50,993 [INFO] PluginManage:310 - Check plugin filemanager
2025-01-12 18:13:51,491 [INFO] PluginManage:359 - Loaded plugin filemanager (category:base,tabindex:10)
2025-01-12 18:13:51,491 [INFO] PluginManage:310 - Check plugin ipmanager
2025-01-12 18:13:51,507 [INFO] PluginManage:359 - Loaded plugin ipmanager (category:base,tabindex:5)
2025-01-12 18:13:51,507 [INFO] PluginManage:310 - Check plugin lpbam
2025-01-12 18:13:51,522 [INFO] PluginManage:359 - Loaded plugin lpbam (category:base,tabindex:0)
2025-01-12 18:13:51,523 [INFO] PluginManage:310 - Check plugin memorymap
2025-01-12 18:13:51,543 [INFO] PluginManage:359 - Loaded plugin memorymap (category:base,tabindex:4)
2025-01-12 18:13:51,544 [INFO] PluginManage:310 - Check plugin pinoutandconfiguration
2025-01-12 18:13:51,557 [INFO] PluginManage:359 - Loaded plugin pinoutandconfiguration (category:base,tabindex:1)
2025-01-12 18:13:51,558 [INFO] PluginManage:310 - Check plugin pinoutconfig
2025-01-12 18:13:51,768 [WARN] SupportedApi:132 - Cannot load RTOS API schema: s4s-elt-must-match.1: The content of 'definitions' must match (annotation?, (simpleType | complexType)?, (unique | key | keyref)*)). A problem was found starting at: attribute.
2025-01-12 18:13:51,994 [INFO] PluginManage:359 - Loaded plugin pinoutconfig (category:base,tabindex:0)
2025-01-12 18:13:51,994 [INFO] PluginManage:310 - Check plugin power
2025-01-12 18:13:52,004 [INFO] PluginManage:359 - Loaded plugin power (category:power,tabindex:4)
2025-01-12 18:13:52,004 [INFO] PluginManage:310 - Check plugin projectmanager
2025-01-12 18:13:52,029 [INFO] PluginManage:359 - Loaded plugin projectmanager (category:projectmanager,tabindex:4)
2025-01-12 18:13:52,029 [INFO] PluginManage:310 - Check plugin rif
2025-01-12 18:13:52,037 [INFO] PluginManage:359 - Loaded plugin rif (category:base,tabindex:3)
2025-01-12 18:13:52,037 [INFO] PluginManage:310 - Check plugin thirdparty
2025-01-12 18:13:52,325 [INFO] PluginManage:359 - Loaded plugin thirdparty (category:base,tabindex:-1)
2025-01-12 18:13:52,325 [WARN] IntegrityCheckThread:84 - waiting for thirdparty lock release [integrity check]
2025-01-12 18:13:52,326 [INFO] PluginManage:310 - Check plugin tools
2025-01-12 18:13:52,326 [INFO] IntegrityCheckThread:86 - entering critical section [integrity check]
2025-01-12 18:13:52,327 [INFO] ThirdPartyUpdaterWithRetryManager:70 - Updater plugin not ready yet. [1/15]
2025-01-12 18:13:52,330 [INFO] PluginManage:359 - Loaded plugin tools (category:base,tabindex:7)
2025-01-12 18:13:52,331 [INFO] PluginManage:310 - Check plugin tutovideos
2025-01-12 18:13:52,565 [INFO] PluginManage:359 - Loaded plugin tutovideos (category:base,tabindex:-1)
2025-01-12 18:13:52,565 [INFO] PluginManage:310 - Check plugin updater
2025-01-12 18:13:52,600 [INFO] PluginManage:359 - Loaded plugin updater (category:base,tabindex:12)
2025-01-12 18:13:52,601 [INFO] PluginManage:310 - Check plugin userauth
2025-01-12 18:13:52,608 [INFO] UserAuth:118 - Init User Auth plugin
2025-01-12 18:13:52,610 [INFO] PluginManage:359 - Loaded plugin userauth (category:base,tabindex:14)
2025-01-12 18:13:52,611 [INFO] PluginManage:283 - PluginManage : Loaded plugins [18]
2025-01-12 18:13:52,964 [INFO] PinOutPanel:1589 - setPackage(No Configuration,No Configuration)
2025-01-12 18:13:53,074 [INFO] CADModel:165 - CPN selected for project level
2025-01-12 18:13:53,074 [INFO] CADModel:114 - Register for checkConnection events
2025-01-12 18:13:53,103 [INFO] IPUIPlugin:80 - create IPUIPlugin
2025-01-12 18:13:53,103 [INFO] PluginManager:220 - loadIPPluginJar : add adc
2025-01-12 18:13:53,107 [INFO] IPUIPlugin:80 - create IPUIPlugin
2025-01-12 18:13:53,108 [INFO] PluginManager:220 - loadIPPluginJar : add aes
2025-01-12 18:13:53,112 [INFO] IPUIPlugin:80 - create IPUIPlugin
2025-01-12 18:13:53,113 [INFO] PluginManager:220 - loadIPPluginJar : add can
2025-01-12 18:13:53,116 [INFO] IPUIPlugin:80 - create IPUIPlugin
2025-01-12 18:13:53,116 [INFO] PluginManager:220 - loadIPPluginJar : add comp
2025-01-12 18:13:53,120 [INFO] IPUIPlugin:80 - create IPUIPlugin
2025-01-12 18:13:53,121 [INFO] PluginManager:220 - loadIPPluginJar : add cryp
2025-01-12 18:13:53,126 [INFO] IPUIPlugin:80 - create IPUIPlugin
2025-01-12 18:13:53,127 [INFO] PluginManager:220 - loadIPPluginJar : add ddr_ctrl_phy
2025-01-12 18:13:53,131 [INFO] IPUIPlugin:80 - create IPUIPlugin
2025-01-12 18:13:53,131 [INFO] PluginManager:220 - loadIPPluginJar : add dfsdm
2025-01-12 18:13:53,138 [INFO] IPUIPlugin:80 - create IPUIPlugin
2025-01-12 18:13:53,138 [INFO] PluginManager:220 - loadIPPluginJar : add dma
2025-01-12 18:13:53,149 [INFO] IPUIPlugin:80 - create IPUIPlugin
2025-01-12 18:13:53,150 [INFO] PluginManager:220 - loadIPPluginJar : add dma3
2025-01-12 18:13:53,156 [INFO] IPUIPlugin:80 - create IPUIPlugin
2025-01-12 18:13:53,157 [INFO] PluginManager:220 - loadIPPluginJar : add extmemmanager
2025-01-12 18:13:53,160 [INFO] IPUIPlugin:80 - create IPUIPlugin
2025-01-12 18:13:53,161 [INFO] PluginManager:220 - loadIPPluginJar : add fatfs
2025-01-12 18:13:53,170 [INFO] IPUIPlugin:80 - create IPUIPlugin
2025-01-12 18:13:53,170 [INFO] PluginManager:220 - loadIPPluginJar : add fmc
2025-01-12 18:13:53,179 [INFO] IPUIPlugin:80 - create IPUIPlugin
2025-01-12 18:13:53,179 [INFO] PluginManager:220 - loadIPPluginJar : add freertos
2025-01-12 18:13:53,182 [INFO] IPUIPlugin:80 - create IPUIPlugin
2025-01-12 18:13:53,183 [INFO] PluginManager:220 - loadIPPluginJar : add genericplugin
2025-01-12 18:13:53,188 [INFO] IPUIPlugin:80 - create IPUIPlugin
2025-01-12 18:13:53,188 [INFO] PluginManager:220 - loadIPPluginJar : add gfxmmu
2025-01-12 18:13:53,195 [INFO] IPUIPlugin:80 - create IPUIPlugin
2025-01-12 18:13:53,196 [INFO] PluginManager:220 - loadIPPluginJar : add gic
2025-01-12 18:13:53,204 [INFO] IPUIPlugin:80 - create IPUIPlugin
2025-01-12 18:13:53,204 [INFO] PluginManager:220 - loadIPPluginJar : add gpio
2025-01-12 18:13:53,210 [INFO] IPUIPlugin:80 - create IPUIPlugin
2025-01-12 18:13:53,211 [INFO] PluginManager:220 - loadIPPluginJar : add gtzc
2025-01-12 18:13:53,216 [INFO] IPUIPlugin:80 - create IPUIPlugin
2025-01-12 18:13:53,217 [INFO] PluginManager:220 - loadIPPluginJar : add hash
2025-01-12 18:13:53,223 [INFO] IPUIPlugin:80 - create IPUIPlugin
2025-01-12 18:13:53,223 [INFO] PluginManager:220 - loadIPPluginJar : add i2c
2025-01-12 18:13:53,228 [INFO] IPUIPlugin:80 - create IPUIPlugin
2025-01-12 18:13:53,229 [INFO] PluginManager:220 - loadIPPluginJar : add i2s
2025-01-12 18:13:53,235 [INFO] IPUIPlugin:80 - create IPUIPlugin
2025-01-12 18:13:53,235 [INFO] PluginManager:220 - loadIPPluginJar : add i3c
2025-01-12 18:13:53,242 [INFO] IPUIPlugin:80 - create IPUIPlugin
2025-01-12 18:13:53,242 [INFO] PluginManager:220 - loadIPPluginJar : add ipddr
2025-01-12 18:13:53,252 [INFO] IPUIPlugin:80 - create IPUIPlugin
2025-01-12 18:13:53,253 [INFO] PluginManager:220 - loadIPPluginJar : add linkedlist
2025-01-12 18:13:53,266 [INFO] IPUIPlugin:80 - create IPUIPlugin
2025-01-12 18:13:53,266 [INFO] PluginManager:220 - loadIPPluginJar : add lorawan
2025-01-12 18:13:53,270 [INFO] IPUIPlugin:80 - create IPUIPlugin
2025-01-12 18:13:53,270 [INFO] PluginManager:220 - loadIPPluginJar : add ltdc
2025-01-12 18:13:53,284 [INFO] IPUIPlugin:80 - create IPUIPlugin
2025-01-12 18:13:53,284 [INFO] PluginManager:220 - loadIPPluginJar : add mdma
2025-01-12 18:13:53,290 [INFO] IPUIPlugin:80 - create IPUIPlugin
2025-01-12 18:13:53,290 [INFO] PluginManager:220 - loadIPPluginJar : add nvic
2025-01-12 18:13:53,296 [INFO] IPUIPlugin:80 - create IPUIPlugin
2025-01-12 18:13:53,296 [INFO] PluginManager:220 - loadIPPluginJar : add opamp
2025-01-12 18:13:53,302 [INFO] IPUIPlugin:80 - create IPUIPlugin
2025-01-12 18:13:53,302 [INFO] PluginManager:220 - loadIPPluginJar : add openamp
2025-01-12 18:13:53,307 [INFO] IPUIPlugin:80 - create IPUIPlugin
2025-01-12 18:13:53,307 [INFO] PluginManager:220 - loadIPPluginJar : add pdm2pcm
2025-01-12 18:13:53,317 [INFO] IPUIPlugin:80 - create IPUIPlugin
2025-01-12 18:13:53,321 [INFO] PluginManager:220 - loadIPPluginJar : add plateformsettings
2025-01-12 18:13:53,325 [INFO] IPUIPlugin:80 - create IPUIPlugin
2025-01-12 18:13:53,325 [INFO] PluginManager:220 - loadIPPluginJar : add quadspi
2025-01-12 18:13:53,330 [INFO] IPUIPlugin:80 - create IPUIPlugin
2025-01-12 18:13:53,331 [INFO] PluginManager:220 - loadIPPluginJar : add radio
2025-01-12 18:13:53,335 [INFO] IPUIPlugin:80 - create IPUIPlugin
2025-01-12 18:13:53,335 [INFO] PluginManager:220 - loadIPPluginJar : add resmgrutility
2025-01-12 18:13:53,340 [INFO] IPUIPlugin:80 - create IPUIPlugin
2025-01-12 18:13:53,342 [INFO] PluginManager:220 - loadIPPluginJar : add sai
2025-01-12 18:13:53,346 [INFO] IPUIPlugin:80 - create IPUIPlugin
2025-01-12 18:13:53,346 [INFO] PluginManager:220 - loadIPPluginJar : add spi
2025-01-12 18:13:53,354 [INFO] IPUIPlugin:80 - create IPUIPlugin
2025-01-12 18:13:53,354 [INFO] PluginManager:220 - loadIPPluginJar : add stm32_wpan
2025-01-12 18:13:53,357 [INFO] IPUIPlugin:80 - create IPUIPlugin
2025-01-12 18:13:53,357 [INFO] PluginManager:220 - loadIPPluginJar : add tim
2025-01-12 18:13:53,362 [INFO] IPUIPlugin:80 - create IPUIPlugin
2025-01-12 18:13:53,362 [INFO] PluginManager:220 - loadIPPluginJar : add touchsensing
2025-01-12 18:13:53,365 [INFO] IPUIPlugin:80 - create IPUIPlugin
2025-01-12 18:13:53,365 [INFO] PluginManager:220 - loadIPPluginJar : add tracer_emb
2025-01-12 18:13:53,369 [INFO] IPUIPlugin:80 - create IPUIPlugin
2025-01-12 18:13:53,369 [INFO] PluginManager:220 - loadIPPluginJar : add ts
2025-01-12 18:13:53,372 [INFO] IPUIPlugin:80 - create IPUIPlugin
2025-01-12 18:13:53,372 [INFO] PluginManager:220 - loadIPPluginJar : add tsc
2025-01-12 18:13:53,376 [INFO] IPUIPlugin:80 - create IPUIPlugin
2025-01-12 18:13:53,376 [INFO] PluginManager:220 - loadIPPluginJar : add ucpd
2025-01-12 18:13:53,380 [INFO] IPUIPlugin:80 - create IPUIPlugin
2025-01-12 18:13:53,380 [INFO] PluginManager:220 - loadIPPluginJar : add usart
2025-01-12 18:13:53,385 [INFO] IPUIPlugin:80 - create IPUIPlugin
2025-01-12 18:13:53,386 [INFO] PluginManager:220 - loadIPPluginJar : add usbx
2025-01-12 18:13:53,538 [FATAL] Updater:351 - Updater called before beeing initialized
2025-01-12 18:13:53,606 [INFO] RulesReader:64 - Compatibility file has been processed (297 Rules)
2025-01-12 18:13:53,642 [INFO] RulesReader:64 - Compatibility file has been processed (297 Rules)
2025-01-12 18:13:53,709 [INFO] CADModel:165 - CPN selected for project level
2025-01-12 18:13:53,709 [INFO] CADModel:114 - Register for checkConnection events
2025-01-12 18:13:53,709 [FATAL] Updater:351 - Updater called before beeing initialized
2025-01-12 18:13:53,710 [ERROR] CADModel:125 - Updater not yet initialized, retry later 
2025-01-12 18:13:54,081 [FATAL] Updater:351 - Updater called before beeing initialized
2025-01-12 18:13:54,084 [INFO] CADModel:165 - CPN selected for project level
2025-01-12 18:13:54,084 [INFO] CADModel:114 - Register for checkConnection events
2025-01-12 18:13:54,085 [FATAL] Updater:351 - Updater called before beeing initialized
2025-01-12 18:13:54,085 [ERROR] CADModel:125 - Updater not yet initialized, retry later 
2025-01-12 18:13:54,092 [FATAL] Updater:351 - Updater called before beeing initialized
2025-01-12 18:13:54,383 [FATAL] Updater:351 - Updater called before beeing initialized
2025-01-12 18:13:54,387 [INFO] DbMcusAds:53 - JSON generation date=Tue Dec 17 17:01:15 CET 2024 (1734451275222)
2025-01-12 18:13:54,388 [FATAL] Updater:351 - Updater called before beeing initialized
2025-01-12 18:13:54,453 [WARN] DetailPanel:346 - Failed to get advertising image, set to default
2025-01-12 18:13:54,751 [FATAL] Updater:351 - Updater called before beeing initialized
2025-01-12 18:13:54,753 [FATAL] Updater:351 - Updater called before beeing initialized
2025-01-12 18:13:54,754 [FATAL] Updater:351 - Updater called before beeing initialized
2025-01-12 18:13:54,755 [WARN] DetailPanel:346 - Failed to get advertising image, set to default
2025-01-12 18:13:54,757 [FATAL] Updater:351 - Updater called before beeing initialized
2025-01-12 18:13:54,860 [ERROR] Updater:1198 - MainUpdater not yet initialized. External WinMGr cannot be set.
2025-01-12 18:13:54,865 [INFO] Updater:1134 - Updater Version found : 6.13.0
2025-01-12 18:13:54,891 [INFO] ApplicationProperties:184 - Using Application install path: C:\ST\STM32CubeIDE_1.17.0\STM32CubeIDE\plugins\com.st.stm32cube.common.mx_6.13.0.202411220809
2025-01-12 18:13:55,327 [INFO] ThirdPartyUpdaterWithRetryManager:70 - Updater plugin not ready yet. [2/15]
2025-01-12 18:13:56,467 [ERROR] LogOutputStream:75 - [STDERR_REDIRECT] Jan 12, 2025 6:13:56 PM java.util.prefs.WindowsPreferences <init>
2025-01-12 18:13:56,469 [ERROR] LogOutputStream:75 - [STDERR_REDIRECT] WARNING: Could not open/create prefs root node Software\JavaSoft\Prefs at root 0xffffffff80000002. Windows RegCreateKeyEx(...) returned error code 5.
2025-01-12 18:13:56,469 [ERROR] LogOutputStream:75 - [STDERR_REDIRECT] 
2025-01-12 18:13:56,896 [INFO] MainUpdater:2872 - connection check result : 10
2025-01-12 18:13:56,897 [INFO] MainUpdater:289 - Updater Check For Update Now.
2025-01-12 18:13:56,898 [INFO] MicroXplorer:498 - Change Database Version : DB.6.0.130
2025-01-12 18:13:56,911 [INFO] McuFinderGlobals:63 - Set McuFinder mode to 2 (CubeIDE integrated)
2025-01-12 18:13:56,914 [INFO] UserAuth:486 - Internet connection configuration mode: 1
2025-01-12 18:13:56,971 [INFO] JxBrowserEngine:152 - Initiate JxBrowser Engine with user profile folder
2025-01-12 18:13:57,127 [INFO] CheckServerUpdateThread:120 - End of CheckServer Thread
2025-01-12 18:13:58,170 [INFO] WebApp:168 - Instantiating new browser for Auth
2025-01-12 18:13:58,890 [WARN] PackLoader:240 - Cannot read IP mode file for STMicroelectronics.FP-SNS-MOTENVWB1.1.4.0
2025-01-12 18:13:58,934 [WARN] PackLoader:240 - Cannot read IP mode file for STMicroelectronics.X-CUBE-SMBUS.2.1.0
2025-01-12 18:13:58,965 [WARN] PackLoader:240 - Cannot read IP mode file for STMicroelectronics.X-CUBE-WB05N.1.1.0
2025-01-12 18:13:59,091 [WARN] PackLoader:240 - Cannot read IP mode file for STMicroelectronics.X-CUBE-AZRTOS-F7.1.1.0
2025-01-12 18:13:59,208 [WARN] PackLoader:240 - Cannot read IP mode file for STMicroelectronics.X-CUBE-MEMS1.11.0.0
2025-01-12 18:13:59,395 [WARN] PackLoader:240 - Cannot read IP mode file for STMicroelectronics.FP-SNS-FLIGHT1.5.0.2
2025-01-12 18:13:59,411 [WARN] PackLoader:240 - Cannot read IP mode file for STMicroelectronics.X-CUBE-DISPLAY.3.0.0
2025-01-12 18:13:59,424 [WARN] PackLoader:240 - Cannot read IP mode file for STMicroelectronics.X-CUBE-BLE1.7.0.0
2025-01-12 18:13:59,434 [WARN] PackLoader:240 - Cannot read IP mode file for STMicroelectronics.X-CUBE-NFC10.1.0.0
2025-01-12 18:13:59,444 [WARN] PackLoader:240 - Cannot read IP mode file for STMicroelectronics.FP-SNS-SMARTAG2.1.2.0
2025-01-12 18:13:59,484 [WARN] PackLoader:240 - Cannot read IP mode file for STMicroelectronics.X-CUBE-MEMS1.11.1.0
2025-01-12 18:13:59,630 [INFO] LogOutputStream:77 - [STDOUT_REDIRECT] 1 : Invalid condition id : UX_CORESTACK_Condition cause : null
2025-01-12 18:13:59,633 [INFO] LogOutputStream:77 - [STDOUT_REDIRECT] 1 : Invalid condition id : UX_CORESTACK_Condition cause : null
2025-01-12 18:13:59,635 [INFO] LogOutputStream:77 - [STDOUT_REDIRECT] 1 : Invalid condition id : UX_CORESTACK_Condition cause : null
2025-01-12 18:13:59,637 [INFO] LogOutputStream:77 - [STDOUT_REDIRECT] 1 : Invalid condition id : UX_CORESTACK_Condition cause : null
2025-01-12 18:13:59,639 [INFO] LogOutputStream:77 - [STDOUT_REDIRECT] 1 : Invalid condition id : UX_CORESTACK_Condition cause : null
2025-01-12 18:13:59,643 [WARN] PackLoader:240 - Cannot read IP mode file for STMicroelectronics.X-CUBE-AZRTOS-WL.2.0.0
2025-01-12 18:13:59,653 [WARN] PackLoader:240 - Cannot read IP mode file for STMicroelectronics.FP-SNS-MOTENV1.5.0.0
2025-01-12 18:13:59,664 [WARN] PackLoader:240 - Cannot read IP mode file for wolfSSL.I-CUBE-wolfMQTT.1.19.0
2025-01-12 18:13:59,700 [WARN] PackLoader:240 - Cannot read IP mode file for WES.I-CUBE-Cesium.1.3.0
2025-01-12 18:13:59,727 [WARN] PackLoader:240 - Cannot read IP mode file for STMicroelectronics.X-CUBE-BLE2.3.3.0
2025-01-12 18:13:59,749 [WARN] PackLoader:240 - Cannot read IP mode file for STMicroelectronics.X-CUBE-NFC9.1.0.0
2025-01-12 18:13:59,770 [WARN] PackLoader:240 - Cannot read IP mode file for STMicroelectronics.X-CUBE-TCPP.4.1.0
2025-01-12 18:13:59,850 [WARN] PackLoader:240 - Cannot read IP mode file for STMicroelectronics.X-CUBE-AZRTOS-G0.1.1.0
2025-01-12 18:13:59,874 [WARN] PackLoader:240 - Cannot read IP mode file for STMicroelectronics.X-CUBE-SAFEA1.1.2.2
2025-01-12 18:13:59,882 [WARN] PackLoader:240 - Cannot read IP mode file for STMicroelectronics.X-CUBE-NFC4.3.0.0
2025-01-12 18:13:59,898 [WARN] PackLoader:240 - Cannot read IP mode file for EmbeddedOffice.I-CUBE-FS-RTOS.1.0.1
2025-01-12 18:13:59,904 [WARN] PackLoader:240 - Cannot read IP mode file for STMicroelectronics.X-CUBE-TCPP.4.2.0
2025-01-12 18:13:59,915 [WARN] PackLoader:240 - Cannot read IP mode file for RealThread.X-CUBE-RT-Thread_Nano.4.1.1
2025-01-12 18:13:59,925 [WARN] PackLoader:240 - Cannot read IP mode file for STMicroelectronics.FP-ATR-SIGFOX1.3.2.0
2025-01-12 18:13:59,934 [WARN] ConditionMgr:438 - getConditionDescription Invalid condition id : Cortex-A Device cause : null
2025-01-12 18:13:59,961 [WARN] ConditionMgr:1044 - genDependencies : Invalid condition id : Cortex-A Device cause : null
2025-01-12 18:13:59,961 [WARN] ConditionMgr:1044 - genDependencies : Invalid condition id : Cortex-A Device cause : null
2025-01-12 18:13:59,961 [WARN] ConditionMgr:1044 - genDependencies : Invalid condition id : Cortex-A Device cause : null
2025-01-12 18:13:59,971 [WARN] PackLoader:240 - Cannot read IP mode file for STMicroelectronics.X-CUBE-EEPRMA1.5.1.0
2025-01-12 18:14:00,003 [WARN] PackLoader:240 - Cannot read IP mode file for SEGGER.I-CUBE-embOS.1.3.1
2025-01-12 18:14:00,042 [WARN] PackLoader:240 - Cannot read IP mode file for STMicroelectronics.X-CUBE-ALGOBUILD.1.4.0
2025-01-12 18:14:00,048 [WARN] PackLoader:240 - Cannot read IP mode file for STMicroelectronics.X-CUBE-AI.9.1.0
2025-01-12 18:14:00,064 [WARN] PackLoader:240 - Cannot read IP mode file for STMicroelectronics.X-CUBE-AZRTOS-F4.1.1.0
2025-01-12 18:14:00,073 [WARN] PackLoader:240 - Cannot read IP mode file for STMicroelectronics.X-CUBE-ISPU.2.1.0
2025-01-12 18:14:00,092 [WARN] PackLoader:240 - Cannot read IP mode file for STMicroelectronics.X-CUBE-AZRTOS-L5.2.0.0
2025-01-12 18:14:00,107 [WARN] PackLoader:240 - Cannot read IP mode file for STMicroelectronics.X-CUBE-NFC6.3.1.0
2025-01-12 18:14:00,120 [WARN] PackLoader:240 - Cannot read IP mode file for STMicroelectronics.X-CUBE-DPower.1.2.0
2025-01-12 18:14:00,130 [WARN] PackLoader:240 - Cannot read IP mode file for STMicroelectronics.X-CUBE-NFC7.1.0.1
2025-01-12 18:14:00,153 [WARN] ConditionMgr:438 - getConditionDescription Invalid condition id : LAN8742 Phy interface Condition cause : null
2025-01-12 18:14:00,154 [WARN] PackLoader:240 - Cannot read IP mode file for STMicroelectronics.X-CUBE-AZRTOS-L4.2.0.0
2025-01-12 18:14:00,155 [WARN] ConditionMgr:1044 - genDependencies : Invalid condition id : LAN8742 Phy interface Condition cause : null
2025-01-12 18:14:00,156 [WARN] ConditionMgr:1044 - genDependencies : Invalid condition id : LAN8742 Phy interface Condition cause : null
2025-01-12 18:14:00,156 [WARN] ConditionMgr:1044 - genDependencies : Invalid condition id : LAN8742 Phy interface Condition cause : null
2025-01-12 18:14:00,170 [WARN] PackLoader:240 - Cannot read IP mode file for STMicroelectronics.X-CUBE-SFXS2LP1.4.0.0
2025-01-12 18:14:00,206 [WARN] PackLoader:240 - Cannot read IP mode file for STMicroelectronics.X-CUBE-AZRTOS-H7.3.3.0
2025-01-12 18:14:00,222 [WARN] PackLoader:240 - Cannot read IP mode file for STMicroelectronics.X-CUBE-IPS.3.0.0
2025-01-12 18:14:00,241 [WARN] ConditionMgr:438 - getConditionDescription Invalid condition id : UX DEVICE CLASS RTOS Condition cause : null
2025-01-12 18:14:00,242 [WARN] ConditionMgr:438 - getConditionDescription Invalid condition id : UX DEVICE CLASS RTOS Condition cause : null
2025-01-12 18:14:00,244 [WARN] PackLoader:240 - Cannot read IP mode file for STMicroelectronics.X-CUBE-AZRTOS-WB.2.0.0
2025-01-12 18:14:00,245 [WARN] ConditionMgr:1044 - genDependencies : Invalid condition id : UX DEVICE CLASS RTOS Condition cause : null
2025-01-12 18:14:00,245 [WARN] ConditionMgr:1044 - genDependencies : Invalid condition id : UX DEVICE CLASS RTOS Condition cause : null
2025-01-12 18:14:00,245 [WARN] ConditionMgr:1044 - genDependencies : Invalid condition id : UX DEVICE CLASS RTOS Condition cause : null
2025-01-12 18:14:00,246 [WARN] ConditionMgr:1044 - genDependencies : Invalid condition id : UX DEVICE CLASS RTOS Condition cause : null
2025-01-12 18:14:00,246 [WARN] ConditionMgr:1044 - genDependencies : Invalid condition id : UX DEVICE CLASS RTOS Condition cause : null
2025-01-12 18:14:00,254 [WARN] PackLoader:240 - Cannot read IP mode file for STMicroelectronics.X-CUBE-GNSS1.7.0.0
2025-01-12 18:14:00,262 [WARN] PackLoader:240 - Cannot read IP mode file for STMicroelectronics.X-CUBE-GNSS1.7.0.1
2025-01-12 18:14:00,275 [WARN] PackLoader:240 - Cannot read IP mode file for STMicroelectronics.FP-SNS-STBOX1.2.0.0
2025-01-12 18:14:00,290 [WARN] PackLoader:240 - Cannot read IP mode file for STMicroelectronics.X-CUBE-SUBG2.5.0.0
2025-01-12 18:14:00,302 [WARN] PackLoader:240 - Cannot read IP mode file for Cesanta.I-CUBE-Mongoose.7.13.0
2025-01-12 18:14:00,317 [WARN] PackLoader:240 - Cannot read IP mode file for STMicroelectronics.X-CUBE-AZRTOS-G4.2.0.0
2025-01-12 18:14:00,330 [WARN] PackLoader:240 - Cannot read IP mode file for STMicroelectronics.X-CUBE-IPS.3.1.0
2025-01-12 18:14:00,343 [WARN] PackLoader:240 - Cannot read IP mode file for STMicroelectronics.X-CUBE-ALS.1.0.2
2025-01-12 18:14:00,357 [WARN] PackLoader:240 - Cannot read IP mode file for STMicroelectronics.X-CUBE-TOUCHGFX.4.24.2
2025-01-12 18:14:00,362 [WARN] PackLoader:240 - Cannot read IP mode file for STMicroelectronics.X-CUBE-TOUCHGFX.4.24.1
2025-01-12 18:14:00,371 [WARN] PackLoader:240 - Cannot read IP mode file for portGmbH.I-Cube-SoM-uGOAL.1.1.0
2025-01-12 18:14:00,394 [WARN] PackLoader:240 - Cannot read IP mode file for STMicroelectronics.X-CUBE-AZRTOS-H7RS.1.0.0
2025-01-12 18:14:00,412 [WARN] PackLoader:240 - Cannot read IP mode file for STMicroelectronics.X-CUBE-TOF1.3.4.2
2025-01-12 18:14:00,434 [WARN] PackLoader:240 - Cannot read IP mode file for wolfSSL.I-CUBE-wolfSSH.1.4.17
2025-01-12 18:14:00,435 [INFO] ThirdParty:978 - Integrity check success = true
2025-01-12 18:14:00,435 [INFO] IntegrityCheckThread:100 - exiting critical section [integrity check]
2025-01-12 18:14:00,435 [INFO] IntegrityCheckThread:103 - End integrity checks thread
2025-01-12 18:14:00,889 [INFO] WebApp:449 - Apply proxy settings
2025-01-12 18:14:00,890 [INFO] WebApp:534 - Chromium requires no authentication
2025-01-12 18:14:00,969 [INFO] WebApp:477 - Direct internet connection detected
2025-01-12 18:14:01,132 [INFO] WebApp:880 - Register for checkConnection events
2025-01-12 18:14:01,133 [INFO] WebApp:449 - Apply proxy settings
2025-01-12 18:14:01,133 [INFO] WebApp:534 - Chromium requires no authentication
2025-01-12 18:14:01,134 [INFO] WebApp:477 - Direct internet connection detected
2025-01-12 18:14:01,491 [INFO] WebApp:221 - Starting web application
2025-01-12 18:14:01,492 [INFO] WebApp:579 - Web application path used C:\ST\STM32CubeIDE_1.17.0\STM32CubeIDE\plugins\com.st.stm32cube.common.mx_6.13.0.202411220809\db\plugins\mcufinder\reactClient1\index.html
2025-01-12 18:14:01,735 [INFO] UserAuth:486 - Internet connection configuration mode: 1
2025-01-12 18:14:01,896 [INFO] WebApp:187 - Connection restablished
2025-01-12 18:14:15,245 [ERROR] LogOutputStream:75 - [STDERR_REDIRECT] 
